  main.cpp
C:\Users\katar\Desktop\grafika\projekat\Projekat\main.cpp(88,9): warning C4305: 'initializing': truncation from 'double' to 'float'
C:\Users\katar\Desktop\grafika\projekat\Projekat\main.cpp(92,9): warning C4305: 'initializing': truncation from 'double' to 'float'
C:\Users\katar\Desktop\grafika\projekat\Projekat\main.cpp(93,9): warning C4305: 'initializing': truncation from 'double' to 'float'
C:\Users\katar\Desktop\grafika\projekat\Projekat\main.cpp(108,9): warning C4305: 'initializing': truncation from 'double' to 'float'
C:\Users\katar\Desktop\grafika\projekat\Projekat\main.cpp(108,18): warning C4305: 'initializing': truncation from 'double' to 'float'
C:\Users\katar\Desktop\grafika\projekat\Projekat\main.cpp(109,9): warning C4305: 'initializing': truncation from 'double' to 'float'
C:\Users\katar\Desktop\grafika\projekat\Projekat\main.cpp(109,18): warning C4305: 'initializing': truncation from 'double' to 'float'
C:\Users\katar\Desktop\grafika\projekat\Projekat\main.cpp(110,9): warning C4305: 'initializing': truncation from 'double' to 'float'
C:\Users\katar\Desktop\grafika\projekat\Projekat\main.cpp(110,18): warning C4305: 'initializing': truncation from 'double' to 'float'
C:\Users\katar\Desktop\grafika\projekat\Projekat\main.cpp(112,9): warning C4305: 'initializing': truncation from 'double' to 'float'
C:\Users\katar\Desktop\grafika\projekat\Projekat\main.cpp(112,18): warning C4305: 'initializing': truncation from 'double' to 'float'
C:\Users\katar\Desktop\grafika\projekat\Projekat\main.cpp(113,9): warning C4305: 'initializing': truncation from 'double' to 'float'
C:\Users\katar\Desktop\grafika\projekat\Projekat\main.cpp(113,18): warning C4305: 'initializing': truncation from 'double' to 'float'
C:\Users\katar\Desktop\grafika\projekat\Projekat\main.cpp(114,9): warning C4305: 'initializing': truncation from 'double' to 'float'
C:\Users\katar\Desktop\grafika\projekat\Projekat\main.cpp(114,18): warning C4305: 'initializing': truncation from 'double' to 'float'
C:\Users\katar\Desktop\grafika\projekat\Projekat\main.cpp(118,9): warning C4305: 'initializing': truncation from 'double' to 'float'
C:\Users\katar\Desktop\grafika\projekat\Projekat\main.cpp(118,17): warning C4305: 'initializing': truncation from 'double' to 'float'
C:\Users\katar\Desktop\grafika\projekat\Projekat\main.cpp(119,9): warning C4305: 'initializing': truncation from 'double' to 'float'
C:\Users\katar\Desktop\grafika\projekat\Projekat\main.cpp(119,17): warning C4305: 'initializing': truncation from 'double' to 'float'
C:\Users\katar\Desktop\grafika\projekat\Projekat\main.cpp(120,9): warning C4305: 'initializing': truncation from 'double' to 'float'
C:\Users\katar\Desktop\grafika\projekat\Projekat\main.cpp(120,17): warning C4305: 'initializing': truncation from 'double' to 'float'
C:\Users\katar\Desktop\grafika\projekat\Projekat\main.cpp(122,9): warning C4305: 'initializing': truncation from 'double' to 'float'
C:\Users\katar\Desktop\grafika\projekat\Projekat\main.cpp(122,17): warning C4305: 'initializing': truncation from 'double' to 'float'
C:\Users\katar\Desktop\grafika\projekat\Projekat\main.cpp(123,9): warning C4305: 'initializing': truncation from 'double' to 'float'
C:\Users\katar\Desktop\grafika\projekat\Projekat\main.cpp(123,17): warning C4305: 'initializing': truncation from 'double' to 'float'
C:\Users\katar\Desktop\grafika\projekat\Projekat\main.cpp(124,9): warning C4305: 'initializing': truncation from 'double' to 'float'
C:\Users\katar\Desktop\grafika\projekat\Projekat\main.cpp(124,17): warning C4305: 'initializing': truncation from 'double' to 'float'
C:\Users\katar\Desktop\grafika\projekat\Projekat\main.cpp(128,10): warning C4305: 'initializing': truncation from 'double' to 'float'
C:\Users\katar\Desktop\grafika\projekat\Projekat\main.cpp(128,18): warning C4305: 'initializing': truncation from 'double' to 'float'
C:\Users\katar\Desktop\grafika\projekat\Projekat\main.cpp(129,10): warning C4305: 'initializing': truncation from 'double' to 'float'
C:\Users\katar\Desktop\grafika\projekat\Projekat\main.cpp(129,17): warning C4305: 'initializing': truncation from 'double' to 'float'
C:\Users\katar\Desktop\grafika\projekat\Projekat\main.cpp(130,10): warning C4305: 'initializing': truncation from 'double' to 'float'
C:\Users\katar\Desktop\grafika\projekat\Projekat\main.cpp(130,17): warning C4305: 'initializing': truncation from 'double' to 'float'
C:\Users\katar\Desktop\grafika\projekat\Projekat\main.cpp(132,10): warning C4305: 'initializing': truncation from 'double' to 'float'
C:\Users\katar\Desktop\grafika\projekat\Projekat\main.cpp(132,17): warning C4305: 'initializing': truncation from 'double' to 'float'
C:\Users\katar\Desktop\grafika\projekat\Projekat\main.cpp(133,10): warning C4305: 'initializing': truncation from 'double' to 'float'
C:\Users\katar\Desktop\grafika\projekat\Projekat\main.cpp(133,17): warning C4305: 'initializing': truncation from 'double' to 'float'
C:\Users\katar\Desktop\grafika\projekat\Projekat\main.cpp(134,10): warning C4305: 'initializing': truncation from 'double' to 'float'
C:\Users\katar\Desktop\grafika\projekat\Projekat\main.cpp(134,16): warning C4305: 'initializing': truncation from 'double' to 'float'
C:\Users\katar\Desktop\grafika\projekat\Projekat\main.cpp(138,9): warning C4305: 'initializing': truncation from 'double' to 'float'
C:\Users\katar\Desktop\grafika\projekat\Projekat\main.cpp(138,16): warning C4305: 'initializing': truncation from 'double' to 'float'
C:\Users\katar\Desktop\grafika\projekat\Projekat\main.cpp(139,10): warning C4305: 'initializing': truncation from 'double' to 'float'
C:\Users\katar\Desktop\grafika\projekat\Projekat\main.cpp(139,16): warning C4305: 'initializing': truncation from 'double' to 'float'
C:\Users\katar\Desktop\grafika\projekat\Projekat\main.cpp(140,9): warning C4305: 'initializing': truncation from 'double' to 'float'
C:\Users\katar\Desktop\grafika\projekat\Projekat\main.cpp(140,17): warning C4305: 'initializing': truncation from 'double' to 'float'
C:\Users\katar\Desktop\grafika\projekat\Projekat\main.cpp(142,9): warning C4305: 'initializing': truncation from 'double' to 'float'
C:\Users\katar\Desktop\grafika\projekat\Projekat\main.cpp(142,17): warning C4305: 'initializing': truncation from 'double' to 'float'
C:\Users\katar\Desktop\grafika\projekat\Projekat\main.cpp(143,10): warning C4305: 'initializing': truncation from 'double' to 'float'
C:\Users\katar\Desktop\grafika\projekat\Projekat\main.cpp(143,16): warning C4305: 'initializing': truncation from 'double' to 'float'
C:\Users\katar\Desktop\grafika\projekat\Projekat\main.cpp(144,10): warning C4305: 'initializing': truncation from 'double' to 'float'
C:\Users\katar\Desktop\grafika\projekat\Projekat\main.cpp(144,17): warning C4305: 'initializing': truncation from 'double' to 'float'
C:\Users\katar\Desktop\grafika\projekat\Projekat\main.cpp(148,9): warning C4305: 'initializing': truncation from 'double' to 'float'
C:\Users\katar\Desktop\grafika\projekat\Projekat\main.cpp(149,9): warning C4305: 'initializing': truncation from 'double' to 'float'
C:\Users\katar\Desktop\grafika\projekat\Projekat\main.cpp(150,9): warning C4305: 'initializing': truncation from 'double' to 'float'
C:\Users\katar\Desktop\grafika\projekat\Projekat\main.cpp(152,9): warning C4305: 'initializing': truncation from 'double' to 'float'
C:\Users\katar\Desktop\grafika\projekat\Projekat\main.cpp(153,9): warning C4305: 'initializing': truncation from 'double' to 'float'
C:\Users\katar\Desktop\grafika\projekat\Projekat\main.cpp(154,9): warning C4305: 'initializing': truncation from 'double' to 'float'
C:\Users\katar\Desktop\grafika\projekat\Projekat\main.cpp(274,29): warning C4244: 'initializing': conversion from 'double' to 'float', possible loss of data
C:\Users\katar\Desktop\grafika\projekat\Projekat\main.cpp(285,24): warning C4305: 'initializing': truncation from 'double' to 'float'
C:\Users\katar\Desktop\grafika\projekat\Projekat\main.cpp(286,20): warning C4305: 'initializing': truncation from 'double' to 'float'
C:\Users\katar\Desktop\grafika\projekat\Projekat\main.cpp(288,19): warning C4305: 'initializing': truncation from 'double' to 'float'
C:\Users\katar\Desktop\grafika\projekat\Projekat\main.cpp(297,20): warning C4305: 'initializing': truncation from 'double' to 'float'
C:\Users\katar\Desktop\grafika\projekat\Projekat\main.cpp(297,26): warning C4305: 'initializing': truncation from 'double' to 'float'
C:\Users\katar\Desktop\grafika\projekat\Projekat\main.cpp(297,33): warning C4305: 'initializing': truncation from 'double' to 'float'
C:\Users\katar\Desktop\grafika\projekat\Projekat\main.cpp(297,39): warning C4305: 'initializing': truncation from 'double' to 'float'
C:\Users\katar\Desktop\grafika\projekat\Projekat\main.cpp(298,14): warning C4305: 'initializing': truncation from 'double' to 'float'
C:\Users\katar\Desktop\grafika\projekat\Projekat\main.cpp(298,19): warning C4305: 'initializing': truncation from 'double' to 'float'
C:\Users\katar\Desktop\grafika\projekat\Projekat\main.cpp(298,33): warning C4305: 'initializing': truncation from 'double' to 'float'
C:\Users\katar\Desktop\grafika\projekat\Projekat\main.cpp(298,40): warning C4305: 'initializing': truncation from 'double' to 'float'
C:\Users\katar\Desktop\grafika\projekat\Projekat\main.cpp(299,13): warning C4305: 'initializing': truncation from 'double' to 'float'
C:\Users\katar\Desktop\grafika\projekat\Projekat\main.cpp(299,20): warning C4305: 'initializing': truncation from 'double' to 'float'
C:\Users\katar\Desktop\grafika\projekat\Projekat\main.cpp(299,26): warning C4305: 'initializing': truncation from 'double' to 'float'
C:\Users\katar\Desktop\grafika\projekat\Projekat\main.cpp(299,39): warning C4305: 'initializing': truncation from 'double' to 'float'
C:\Users\katar\Desktop\grafika\projekat\Projekat\main.cpp(300,14): warning C4305: 'initializing': truncation from 'double' to 'float'
C:\Users\katar\Desktop\grafika\projekat\Projekat\main.cpp(300,20): warning C4305: 'initializing': truncation from 'double' to 'float'
C:\Users\katar\Desktop\grafika\projekat\Projekat\main.cpp(300,27): warning C4305: 'initializing': truncation from 'double' to 'float'
C:\Users\katar\Desktop\grafika\projekat\Projekat\main.cpp(300,34): warning C4305: 'initializing': truncation from 'double' to 'float'
C:\Users\katar\Desktop\grafika\projekat\Projekat\main.cpp(301,21): warning C4305: 'initializing': truncation from 'double' to 'float'
C:\Users\katar\Desktop\grafika\projekat\Projekat\main.cpp(301,28): warning C4305: 'initializing': truncation from 'double' to 'float'
C:\Users\katar\Desktop\grafika\projekat\Projekat\main.cpp(301,34): warning C4305: 'initializing': truncation from 'double' to 'float'
C:\Users\katar\Desktop\grafika\projekat\Projekat\main.cpp(321,26): warning C4305: '-=': truncation from 'double' to 'float'
C:\Users\katar\Desktop\grafika\projekat\Projekat\main.cpp(324,29): warning C4244: '=': conversion from 'double' to 'float', possible loss of data
C:\Users\katar\Desktop\grafika\projekat\Projekat\main.cpp(333,48): warning C4244: '=': conversion from 'double' to 'float', possible loss of data
C:\Users\katar\Desktop\grafika\projekat\Projekat\main.cpp(354,42): warning C4305: '*=': truncation from 'double' to 'float'
C:\Users\katar\Desktop\grafika\projekat\Projekat\main.cpp(367,43): warning C4244: '=': conversion from 'double' to 'float', possible loss of data
C:\Users\katar\Desktop\grafika\projekat\Projekat\main.cpp(430,27): warning C4305: '=': truncation from 'double' to 'float'
C:\Users\katar\Desktop\grafika\projekat\Projekat\main.cpp(431,34): warning C4244: '=': conversion from 'double' to 'float', possible loss of data
C:\Users\katar\Desktop\grafika\projekat\Projekat\main.cpp(434,27): warning C4305: '=': truncation from 'double' to 'float'
C:\Users\katar\Desktop\grafika\projekat\Projekat\main.cpp(435,34): warning C4244: '=': conversion from 'double' to 'float', possible loss of data
C:\Users\katar\Desktop\grafika\projekat\Projekat\main.cpp(438,88): warning C4305: 'argument': truncation from 'double' to 'float'
C:\Users\katar\Desktop\grafika\projekat\Projekat\main.cpp(455,26): warning C4305: '=': truncation from 'double' to 'float'
C:\Users\katar\Desktop\grafika\projekat\Projekat\main.cpp(495,43): warning C4305: 'argument': truncation from 'double' to 'GLfloat'
C:\Users\katar\Desktop\grafika\projekat\Projekat\main.cpp(507,52): warning C4244: 'argument': conversion from 'double' to 'GLfloat', possible loss of data
C:\Users\katar\Desktop\grafika\projekat\Projekat\main.cpp(790,21): warning C4244: 'initializing': conversion from 'double' to 'float', possible loss of data
  Sablon.vcxproj -> C:\Users\katar\Desktop\grafika\projekat\Projekat\x64\Debug\Sablon.exe
